<?xml version="1.0" encoding="UTF-8"?>
<!-- Generated by org.testng.reporters.JUnitXMLReporter -->
<testsuite hostname="Ashok" ignored="0" name="Default test" tests="6" failures="0" timestamp="02 Mar 2023 16:26:44 GMT" time="0.04" errors="0">
  <testcase name="tc_1" time="0.008" classname="org.test.GroupsProgm"/>
  <testcase name="tc_2" time="0.001" classname="org.test.GroupsProgm"/>
  <testcase name="tc_3" time="0.001" classname="org.test.GroupsProgm"/>
  <testcase name="tc_4" time="0.001" classname="org.test.GroupsProgm"/>
  <testcase name="tc_5" time="0.001" classname="org.test.GroupsProgm"/>
  <testcase name="tc_6" time="0.001" classname="org.test.GroupsProgm"/>
</testsuite> <!-- Default test -->
