<?xml version="1.0" encoding="UTF-8"?>
<testng-results skipped="0" failed="0" ignored="2" total="6" passed="4">
  <reporter-output>
  </reporter-output>
  <suite name="Suite" duration-ms="33" started-at="2023-03-02T16:33:58Z" finished-at="2023-03-02T16:33:58Z">
    <groups>
      <group name="reg">
        <method signature="GroupsProgm.tc_5()[pri:0, instance:org.test.GroupsProgm@66480dd7]" name="tc_5" class="org.test.GroupsProgm"/>
      </group> <!-- reg -->
      <group name="smoke">
        <method signature="GroupsProgm.tc_1()[pri:0, instance:org.test.GroupsProgm@66480dd7]" name="tc_1" class="org.test.GroupsProgm"/>
        <method signature="GroupsProgm.tc_3()[pri:0, instance:org.test.GroupsProgm@66480dd7]" name="tc_3" class="org.test.GroupsProgm"/>
        <method signature="GroupsProgm.tc_6()[pri:0, instance:org.test.GroupsProgm@66480dd7]" name="tc_6" class="org.test.GroupsProgm"/>
      </group> <!-- smoke -->
    </groups>
    <test name="Test" duration-ms="33" started-at="2023-03-02T16:33:58Z" finished-at="2023-03-02T16:33:58Z">
      <class name="org.test.GroupsProgm">
        <test-method status="PASS" signature="tc_1()[pri:0, instance:org.test.GroupsProgm@66480dd7]" name="tc_1" duration-ms="7" started-at="2023-03-02T16:33:58Z" finished-at="2023-03-02T16:33:58Z">
          <reporter-output>
          </reporter-output>
        </test-method> <!-- tc_1 -->
        <test-method status="PASS" signature="tc_3()[pri:0, instance:org.test.GroupsProgm@66480dd7]" name="tc_3" duration-ms="1" started-at="2023-03-02T16:33:58Z" finished-at="2023-03-02T16:33:58Z">
          <reporter-output>
          </reporter-output>
        </test-method> <!-- tc_3 -->
        <test-method status="PASS" signature="tc_5()[pri:0, instance:org.test.GroupsProgm@66480dd7]" name="tc_5" duration-ms="1" started-at="2023-03-02T16:33:58Z" finished-at="2023-03-02T16:33:58Z">
          <reporter-output>
          </reporter-output>
        </test-method> <!-- tc_5 -->
        <test-method status="PASS" signature="tc_6()[pri:0, instance:org.test.GroupsProgm@66480dd7]" name="tc_6" duration-ms="1" started-at="2023-03-02T16:33:58Z" finished-at="2023-03-02T16:33:58Z">
          <reporter-output>
          </reporter-output>
        </test-method> <!-- tc_6 -->
      </class> <!-- org.test.GroupsProgm -->
    </test> <!-- Test -->
  </suite> <!-- Suite -->
</testng-results>
